<?xml version="1.0" encoding="UTF-8"?>
<!-- Generated by org.testng.reporters.JUnitReportReporter -->
<testsuite hostname="DESKTOP-DA1AGDD" failures="0" tests="1" name="com.test.LoginTest" time="2.360" errors="0" timestamp="2021-08-29T22:01:23 EDT" skipped="0">
  <testcase classname="com.test.LoginTest" name="loginTest" time="2.360"/>
  <system-out/>
</testsuite> <!-- com.test.LoginTest -->
